<?xml version="1.0" encoding="UTF-8"?>
<!-- Generated by org.testng.reporters.JUnitReportReporter -->
<testsuite hostname="DESKTOP-HR04UUE" failures="0" tests="1" name="testcases.RokomariSignInPageTest" time="60.942" errors="0" timestamp="2023-04-03T20:48:20 BDT" skipped="0">
  <testcase classname="testcases.RokomariSignInPageTest" name="SignInTest" time="60.942"/>
  <system-out/>
</testsuite> <!-- testcases.RokomariSignInPageTest -->
