<?xml version="1.0" encoding="UTF-8"?>
<!-- Generated by org.testng.reporters.JUnitReportReporter -->
<testsuite hostname="DESKTOP-HR04UUE" failures="0" tests="1" name="testcases.RokomariHomePageTest" time="50.609" errors="0" timestamp="2023-04-04T03:07:31 BDT" skipped="0">
  <testcase classname="testcases.RokomariHomePageTest" name="TestHomePage" time="50.609"/>
  <system-out/>
</testsuite> <!-- testcases.RokomariHomePageTest -->
