<?xml version="1.0" encoding="UTF-8"?>
<!-- Generated by org.testng.reporters.JUnitReportReporter -->
<testsuite hostname="DESKTOP-HR04UUE" failures="0" tests="1" name="testcases.RokomariHomePageTest" time="83.602" errors="0" timestamp="2023-04-03T20:32:36 BDT" skipped="0">
  <testcase classname="testcases.RokomariHomePageTest" name="TestHomePage" time="83.602"/>
  <system-out/>
</testsuite> <!-- testcases.RokomariHomePageTest -->
