<?xml version="1.0" encoding="UTF-8"?>
<!-- Generated by org.testng.reporters.JUnitReportReporter -->
<testsuite hostname="DESKTOP-HR04UUE" failures="0" tests="1" name="testcases.RokomariSignInPageTest" time="123.985" errors="0" timestamp="2023-05-30T13:08:12 BDT" skipped="0">
  <testcase classname="testcases.RokomariSignInPageTest" name="SignInTest" time="123.985"/>
  <system-out/>
</testsuite> <!-- testcases.RokomariSignInPageTest -->
