<?xml version="1.0" encoding="UTF-8"?>
<!-- Generated by org.testng.reporters.JUnitReportReporter -->
<testsuite hostname="DESKTOP-HR04UUE" failures="0" tests="1" name="testcases.RokomariSignInPageTest" time="52.854" errors="0" timestamp="2023-05-30T14:19:07 BDT" skipped="0">
  <testcase classname="testcases.RokomariSignInPageTest" name="SignInTest" time="52.854"/>
  <system-out/>
</testsuite> <!-- testcases.RokomariSignInPageTest -->
